<?xml version="1.0" encoding="UTF-8"?>
<!-- Generated by org.testng.reporters.JUnitReportReporter -->
<testsuite hostname="LTIN510699" failures="0" tests="2" name="testCases.TS_05_GetListOfSubMenuItems" time="6.328" errors="0" timestamp="2024-03-26T12:53:33 IST" skipped="0">
  <testcase classname="testCases.TS_05_GetListOfSubMenuItems" name="tc_014_isHomeDecorMenuPresent" time="5.284"/>
  <testcase classname="testCases.TS_05_GetListOfSubMenuItems" name="tc_015_getHomeDecorSubMenuItems" time="1.044"/>
</testsuite> <!-- testCases.TS_05_GetListOfSubMenuItems -->
