<?xml version="1.0" encoding="UTF-8"?>
<!-- Generated by org.testng.reporters.JUnitReportReporter -->
<testsuite hostname="LTIN180840" failures="0" tests="7" name="testCases.TS_07_RecipientAndSenderDetails" time="6.246" errors="0" timestamp="2024-03-24T23:27:29 IST" skipped="0">
  <testcase classname="testCases.TS_07_RecipientAndSenderDetails" name="tc_020_enterRecipientDetails" time="0.516"/>
  <testcase classname="testCases.TS_07_RecipientAndSenderDetails" name="tc_021_validateErrorMessageWithoutNameInSenderDetails" time="0.604"/>
  <testcase classname="testCases.TS_07_RecipientAndSenderDetails" name="tc_022_validateErrorMessageWithoutEmailInSenderDetails" time="0.679"/>
  <testcase classname="testCases.TS_07_RecipientAndSenderDetails" name="tc_023_validateErrorMessageWithInvalidEmailInSenderDetails" time="1.302"/>
  <testcase classname="testCases.TS_07_RecipientAndSenderDetails" name="tc_024_validateErrorMessageWithoutMobileNumberInSenderDetails" time="1.047"/>
  <testcase classname="testCases.TS_07_RecipientAndSenderDetails" name="tc_025_validateErrorMessageWithInvalidMobileNumberInSenderDetails" time="1.150"/>
  <testcase classname="testCases.TS_07_RecipientAndSenderDetails" name="tc_026_validateErrorMessageWithoutAddressInSenderDetails" time="0.948"/>
</testsuite> <!-- testCases.TS_07_RecipientAndSenderDetails -->
