<?xml version="1.0" encoding="UTF-8"?>
<!-- Generated by org.testng.reporters.JUnitReportReporter -->
<testsuite hostname="LTIN510699" failures="0" tests="1" name="testCases.TS_04_DisplayBookShelvesDetails" time="10.024" errors="0" timestamp="2024-03-26T12:53:33 IST" skipped="0">
  <testcase classname="testCases.TS_04_DisplayBookShelvesDetails" name="tc_013_displayBookshelvesDetails" time="10.024"/>
</testsuite> <!-- testCases.TS_04_DisplayBookShelvesDetails -->
