<?xml version="1.0" encoding="UTF-8"?>
<!-- Generated by org.testng.reporters.JUnitReportReporter -->
<testsuite hostname="LTIN510699" failures="0" tests="8" name="testCases.TS_07_ResipientAndSenderDetailsDDT" time="7.645" errors="0" timestamp="2024-03-26T12:53:33 IST" skipped="0">
  <testcase classname="testCases.TS_07_ResipientAndSenderDetailsDDT" name="tc_020_enterRecipientDetailsDDT" time="0.498"/>
  <testcase classname="testCases.TS_07_ResipientAndSenderDetailsDDT" name="tc_021_enterSenderDetailsDDT" time="0.983"/>
  <testcase classname="testCases.TS_07_ResipientAndSenderDetailsDDT" name="tc_021_enterSenderDetailsDDT" time="0.960"/>
  <testcase classname="testCases.TS_07_ResipientAndSenderDetailsDDT" name="tc_021_enterSenderDetailsDDT" time="1.133"/>
  <testcase classname="testCases.TS_07_ResipientAndSenderDetailsDDT" name="tc_021_enterSenderDetailsDDT" time="1.063"/>
  <testcase classname="testCases.TS_07_ResipientAndSenderDetailsDDT" name="tc_021_enterSenderDetailsDDT" time="1.061"/>
  <testcase classname="testCases.TS_07_ResipientAndSenderDetailsDDT" name="tc_021_enterSenderDetailsDDT" time="0.904"/>
  <testcase classname="testCases.TS_07_ResipientAndSenderDetailsDDT" name="tc_021_enterSenderDetailsDDT" time="1.043"/>
</testsuite> <!-- testCases.TS_07_ResipientAndSenderDetailsDDT -->
