<?xml version="1.0" encoding="UTF-8"?>
<!-- Generated by org.testng.reporters.JUnitReportReporter -->
<testsuite hostname="LTIN510699" failures="0" tests="2" name="testCases.TS_01_NavigateToBookshelvesPage" time="3.097" errors="0" timestamp="2024-03-26T12:53:33 IST" skipped="0">
  <testcase classname="testCases.TS_01_NavigateToBookshelvesPage" name="tc_001_isBookShelvesButtonPresent" time="0.880"/>
  <testcase classname="testCases.TS_01_NavigateToBookshelvesPage" name="tc_002_verifyBookshelvesPage" time="2.217"/>
</testsuite> <!-- testCases.TS_01_NavigateToBookshelvesPage -->
