<?xml version="1.0" encoding="UTF-8"?>
<!-- Generated by org.testng.reporters.JUnitReportReporter -->
<testsuite hostname="LTIN180840" failures="0" tests="4" name="testCases.GiftCardCustomization" time="4.551" errors="0" timestamp="2024-03-21T14:25:16 IST" skipped="0">
  <testcase classname="testCases.GiftCardCustomization" name="tc_016_validateGiftCardButton" time="0.072"/>
  <testcase classname="testCases.GiftCardCustomization" name="tc_017_navigateToGiftCardsPage" time="3.761"/>
  <testcase classname="testCases.GiftCardCustomization" name="tc_018_verifyBirthdayCardIsDisplayed" time="0.059"/>
  <testcase classname="testCases.GiftCardCustomization" name="tc_019_giftCardCustomization" time="0.659"/>
</testsuite> <!-- testCases.GiftCardCustomization -->
