<?xml version="1.0" encoding="UTF-8"?>
<!-- Generated by org.testng.reporters.JUnitReportReporter -->
<testsuite hostname="LTIN510699" failures="0" tests="4" name="testCases.TS_06_GiftCardCustomization" time="6.048" errors="0" timestamp="2024-03-25T15:26:21 IST" skipped="0">
  <testcase classname="testCases.TS_06_GiftCardCustomization" name="tc_016_validateGiftCardButton" time="0.095"/>
  <testcase classname="testCases.TS_06_GiftCardCustomization" name="tc_017_navigateToGiftCardsPage" time="5.218"/>
  <testcase classname="testCases.TS_06_GiftCardCustomization" name="tc_018_verifyBirthdayCardIsDisplayed" time="0.068"/>
  <testcase classname="testCases.TS_06_GiftCardCustomization" name="tc_019_giftCardCustomization" time="0.667"/>
</testsuite> <!-- testCases.TS_06_GiftCardCustomization -->
