<?xml version="1.0" encoding="UTF-8"?>
<!-- Generated by org.testng.reporters.JUnitReportReporter -->
<testsuite hostname="LTIN510699" failures="0" tests="7" name="testCases.TS_02_VisibilityOfBookshelvesFilters" time="6.192" errors="0" timestamp="2024-03-25T15:26:21 IST" skipped="0">
  <testcase classname="testCases.TS_02_VisibilityOfBookshelvesFilters" name="tc_003_handlePopup" time="5.318"/>
  <testcase classname="testCases.TS_02_VisibilityOfBookshelvesFilters" name="tc_004_isPriceFilterPresent" time="0.077"/>
  <testcase classname="testCases.TS_02_VisibilityOfBookshelvesFilters" name="tc_005_isStorageTypeFilterPresent" time="0.048"/>
  <testcase classname="testCases.TS_02_VisibilityOfBookshelvesFilters" name="tc_006_isBrandFilterPresent" time="0.278"/>
  <testcase classname="testCases.TS_02_VisibilityOfBookshelvesFilters" name="tc_007_isOutOfStockCheckboxPresent" time="0.031"/>
  <testcase classname="testCases.TS_02_VisibilityOfBookshelvesFilters" name="tc_008_isPriceFilterHoverable" time="0.227"/>
  <testcase classname="testCases.TS_02_VisibilityOfBookshelvesFilters" name="tc_009_isStorageTypeFilterHoverable" time="0.213"/>
</testsuite> <!-- testCases.TS_02_VisibilityOfBookshelvesFilters -->
