<?xml version="1.0" encoding="UTF-8"?>
<!-- Generated by org.testng.reporters.JUnitReportReporter -->
<testsuite hostname="LTIN180840" failures="0" tests="7" name="testCases.VisibilityOfBookshelvesFilters" time="5.884" errors="0" timestamp="2024-03-21T14:25:16 IST" skipped="0">
  <testcase classname="testCases.VisibilityOfBookshelvesFilters" name="tc_003_handlePopup" time="5.182"/>
  <testcase classname="testCases.VisibilityOfBookshelvesFilters" name="tc_004_isPriceFilterPresent" time="0.037"/>
  <testcase classname="testCases.VisibilityOfBookshelvesFilters" name="tc_005_isStorageTypeFilterPresent" time="0.034"/>
  <testcase classname="testCases.VisibilityOfBookshelvesFilters" name="tc_006_isBrandFilterPresent" time="0.036"/>
  <testcase classname="testCases.VisibilityOfBookshelvesFilters" name="tc_007_isOutOfStockCheckboxPresent" time="0.027"/>
  <testcase classname="testCases.VisibilityOfBookshelvesFilters" name="tc_008_isPriceFilterHoverable" time="0.218"/>
  <testcase classname="testCases.VisibilityOfBookshelvesFilters" name="tc_009_isStorageTypeFilterHoverable" time="0.350"/>
</testsuite> <!-- testCases.VisibilityOfBookshelvesFilters -->
