<?xml version="1.0" encoding="UTF-8"?>
<!-- Generated by org.testng.reporters.JUnitReportReporter -->
<testsuite hostname="LTIN510699" failures="0" tests="3" name="testCases.TS_03_SettingTheRequiredFilters" time="0.883" errors="0" timestamp="2024-03-25T15:26:21 IST" skipped="0">
  <testcase classname="testCases.TS_03_SettingTheRequiredFilters" name="tc_010_setPriceSlider" time="0.574"/>
  <testcase classname="testCases.TS_03_SettingTheRequiredFilters" name="tc_011_setStorageType" time="0.254"/>
  <testcase classname="testCases.TS_03_SettingTheRequiredFilters" name="tc_012_checkOutOfStock" time="0.055"/>
</testsuite> <!-- testCases.TS_03_SettingTheRequiredFilters -->
