<?xml version="1.0" encoding="UTF-8"?>
<!-- Generated by org.testng.reporters.JUnitReportReporter -->
<testsuite hostname="LTIN180840" failures="0" tests="2" name="testCases.NavigateToBookshelvesPage" time="3.228" errors="0" timestamp="2024-03-21T14:25:16 IST" skipped="0">
  <testcase classname="testCases.NavigateToBookshelvesPage" name="tc_001_isBookShelvesButtonPresent" time="0.081"/>
  <testcase classname="testCases.NavigateToBookshelvesPage" name="tc_002_verifyBookshelvesPage" time="3.147"/>
</testsuite> <!-- testCases.NavigateToBookshelvesPage -->
