<?xml version="1.0" encoding="UTF-8"?>
<!-- Generated by org.testng.reporters.JUnitReportReporter -->
<testsuite hostname="LTIN180840" failures="0" tests="7" name="testCases.ResipientAndSenderDetailsDDT" time="5.602" errors="0" timestamp="2024-03-21T14:25:16 IST" skipped="0">
  <testcase classname="testCases.ResipientAndSenderDetailsDDT" name="tc_020_enterRecipientDetailsDDT" time="0.405"/>
  <testcase classname="testCases.ResipientAndSenderDetailsDDT" name="tc_021_enterSenderDetailsDDT" time="0.828"/>
  <testcase classname="testCases.ResipientAndSenderDetailsDDT" name="tc_021_enterSenderDetailsDDT" time="0.850"/>
  <testcase classname="testCases.ResipientAndSenderDetailsDDT" name="tc_021_enterSenderDetailsDDT" time="0.917"/>
  <testcase classname="testCases.ResipientAndSenderDetailsDDT" name="tc_021_enterSenderDetailsDDT" time="0.965"/>
  <testcase classname="testCases.ResipientAndSenderDetailsDDT" name="tc_021_enterSenderDetailsDDT" time="0.751"/>
  <testcase classname="testCases.ResipientAndSenderDetailsDDT" name="tc_021_enterSenderDetailsDDT" time="0.886"/>
</testsuite> <!-- testCases.ResipientAndSenderDetailsDDT -->
