<?xml version="1.0" encoding="UTF-8"?>
<!-- Generated by org.testng.reporters.JUnitReportReporter -->
<testsuite hostname="LTIN180840" failures="0" tests="3" name="testCases.SettingTheRequiredFilters" time="0.978" errors="0" timestamp="2024-03-21T14:25:16 IST" skipped="0">
  <testcase classname="testCases.SettingTheRequiredFilters" name="tc_010_setPriceSlider" time="0.648"/>
  <testcase classname="testCases.SettingTheRequiredFilters" name="tc_011_setStorageType" time="0.240"/>
  <testcase classname="testCases.SettingTheRequiredFilters" name="tc_012_checkOutOfStock" time="0.090"/>
</testsuite> <!-- testCases.SettingTheRequiredFilters -->
